Flow report for projeto_final
Fri Nov  7 07:49:33 2025
Quartus II 32-bit Version 13.0.1 Build 232 06/12/2013 Service Pack 1 SJ Web Edition


---------------------
; Table of Contents ;
---------------------
  1. Legal Notice
  2. Flow Summary
  3. Flow Settings
  4. Flow Non-Default Global Settings
  5. Flow Elapsed Time
  6. Flow OS Summary
  7. Flow Log
  8. Flow Messages
  9. Flow Suppressed Messages



----------------
; Legal Notice ;
----------------
Copyright (C) 1991-2013 Altera Corporation
Your use of Altera Corporation's design tools, logic functions 
and other software and tools, and its AMPP partner logic 
functions, and any output files from any of the foregoing 
(including device programming or simulation files), and any 
associated documentation or information are expressly subject 
to the terms and conditions of the Altera Program License 
Subscription Agreement, Altera MegaCore Function License 
Agreement, or other applicable license agreement, including, 
without limitation, that your use is for the sole purpose of 
programming logic devices manufactured by Altera and sold by 
Altera or its authorized distributors.  Please refer to the 
applicable agreement for further details.



+--------------------------------------------------------------------------------------+
; Flow Summary                                                                         ;
+------------------------------------+-------------------------------------------------+
; Flow Status                        ; Successful - Fri Nov  7 07:49:33 2025           ;
; Quartus II 32-bit Version          ; 13.0.1 Build 232 06/12/2013 SP 1 SJ Web Edition ;
; Revision Name                      ; projeto_final                                   ;
; Top-level Entity Name              ; armazena_senha                                  ;
; Family                             ; Cyclone II                                      ;
; Device                             ; EP2C35F672C6                                    ;
; Timing Models                      ; Final                                           ;
; Total logic elements               ; 7 / 33,216 ( < 1 % )                            ;
;     Total combinational functions  ; 7 / 33,216 ( < 1 % )                            ;
;     Dedicated logic registers      ; 0 / 33,216 ( 0 % )                              ;
; Total registers                    ; 0                                               ;
; Total pins                         ; 16 / 475 ( 3 % )                                ;
; Total virtual pins                 ; 0                                               ;
; Total memory bits                  ; 0 / 483,840 ( 0 % )                             ;
; Embedded Multiplier 9-bit elements ; 0 / 70 ( 0 % )                                  ;
; Total PLLs                         ; 0 / 4 ( 0 % )                                   ;
+------------------------------------+-------------------------------------------------+


+-----------------------------------------+
; Flow Settings                           ;
+-------------------+---------------------+
; Option            ; Setting             ;
+-------------------+---------------------+
; Start date & time ; 11/07/2025 07:49:18 ;
; Main task         ; Compilation         ;
; Revision Name     ; projeto_final       ;
+-------------------+---------------------+


+-------------------------------------------------------------------------------------------------------------------------------+
; Flow Non-Default Global Settings                                                                                              ;
+-------------------------------------+---------------------------------------+---------------+----------------+----------------+
; Assignment Name                     ; Value                                 ; Default Value ; Entity Name    ; Section Id     ;
+-------------------------------------+---------------------------------------+---------------+----------------+----------------+
; COMPILER_SIGNATURE_ID               ; 0.176251255819361                     ; --            ; --             ; --             ;
; EDA_OUTPUT_DATA_FORMAT              ; Verilog Hdl                           ; --            ; --             ; eda_simulation ;
; EDA_SIMULATION_TOOL                 ; ModelSim-Altera (Verilog)             ; <None>        ; --             ; --             ;
; MAX_CORE_JUNCTION_TEMP              ; 85                                    ; --            ; --             ; --             ;
; MIN_CORE_JUNCTION_TEMP              ; 0                                     ; --            ; --             ; --             ;
; PARTITION_COLOR                     ; 16764057                              ; --            ; armazena_senha ; Top            ;
; PARTITION_FITTER_PRESERVATION_LEVEL ; PLACEMENT_AND_ROUTING                 ; --            ; armazena_senha ; Top            ;
; PARTITION_NETLIST_TYPE              ; SOURCE                                ; --            ; armazena_senha ; Top            ;
; POWER_BOARD_THERMAL_MODEL           ; None (CONSERVATIVE)                   ; --            ; --             ; --             ;
; POWER_PRESET_COOLING_SOLUTION       ; 23 MM HEAT SINK WITH 200 LFPM AIRFLOW ; --            ; --             ; --             ;
; PROJECT_OUTPUT_DIRECTORY            ; output_files                          ; --            ; --             ; --             ;
; TOP_LEVEL_ENTITY                    ; armazena_senha                        ; projeto_final ; --             ; --             ;
+-------------------------------------+---------------------------------------+---------------+----------------+----------------+


+-------------------------------------------------------------------------------------------------------------------------------+
; Flow Elapsed Time                                                                                                             ;
+---------------------------+--------------+-------------------------+---------------------+------------------------------------+
; Module Name               ; Elapsed Time ; Average Processors Used ; Peak Virtual Memory ; Total CPU Time (on all processors) ;
+---------------------------+--------------+-------------------------+---------------------+------------------------------------+
; Analysis & Synthesis      ; 00:00:03     ; 1.0                     ; 330 MB              ; 00:00:02                           ;
; Fitter                    ; 00:00:04     ; 1.0                     ; 470 MB              ; 00:00:04                           ;
; Assembler                 ; 00:00:02     ; 1.0                     ; 337 MB              ; 00:00:02                           ;
; TimeQuest Timing Analyzer ; 00:00:01     ; 1.0                     ; 295 MB              ; 00:00:01                           ;
; EDA Netlist Writer        ; 00:00:00     ; 1.0                     ; 303 MB              ; 00:00:00                           ;
; Total                     ; 00:00:10     ; --                      ; --                  ; 00:00:09                           ;
+---------------------------+--------------+-------------------------+---------------------+------------------------------------+


+-----------------------------------------------------------------------------------------+
; Flow OS Summary                                                                         ;
+---------------------------+------------------+------------+------------+----------------+
; Module Name               ; Machine Hostname ; OS Name    ; OS Version ; Processor type ;
+---------------------------+------------------+------------+------------+----------------+
; Analysis & Synthesis      ; arkham           ; Linux Mint ; 22         ; x86_64         ;
; Fitter                    ; arkham           ; Linux Mint ; 22         ; x86_64         ;
; Assembler                 ; arkham           ; Linux Mint ; 22         ; x86_64         ;
; TimeQuest Timing Analyzer ; arkham           ; Linux Mint ; 22         ; x86_64         ;
; EDA Netlist Writer        ; arkham           ; Linux Mint ; 22         ; x86_64         ;
+---------------------------+------------------+------------+------------+----------------+


------------
; Flow Log ;
------------
quartus_map --read_settings_files=on --write_settings_files=off projeto_final -c projeto_final
quartus_fit --read_settings_files=off --write_settings_files=off projeto_final -c projeto_final
quartus_asm --read_settings_files=off --write_settings_files=off projeto_final -c projeto_final
quartus_sta projeto_final -c projeto_final
quartus_eda --read_settings_files=off --write_settings_files=off projeto_final -c projeto_final



